<testsuite name="Sequence"  tests="1" skipped="0" failures="0" errors="1">
<testcase classname="step.core.artefacts.reports.ReportNode" name="Sequence" ><error type="">My error message</error>
</testcase>
</testsuite>
