<testsuites>
<testsuite name="Sequence" id="0" package="Sequence" time="0.07" timestamp="2024-10-27T15:29:39" hostname="localhost" tests="1" skipped="0" failures="0" errors="1">
<testcase classname="Sequence" name="Sequence" time="0.03">
<error type="">My error message</error>
</testcase>
<system-out></system-out>
<system-err></system-err>
</testsuite>
<testsuite name="Sequence" id="1" package="Sequence" time="0.07" timestamp="2024-10-27T15:29:39" hostname="localhost" tests="1" skipped="0" failures="0" errors="1">
<testcase classname="Sequence" name="Sequence" time="0.03">
<error type="">My error message</error>
</testcase>
<system-out></system-out>
<system-err></system-err>
</testsuite>
</testsuites>
