<testsuite name="TS01" time="0.07" timestamp="2024-10-27T18:29:39" hostname="localhost" tests="8" skipped="2" failures="2" errors="2">
<properties></properties>
<testcase classname="step.artefacts.reports.TestCaseReportNode" name="TC01 - PASSED" time="0.03">
</testcase>
<testcase classname="step.artefacts.reports.TestCaseReportNode" name="TC02 - PASSED in Sequence" time="0.03">
</testcase>
<testcase classname="step.artefacts.reports.TestCaseReportNode" name="TC03 - FAILED without error message" time="0.03">
<failure type="" message=""/>
</testcase>
<testcase classname="step.artefacts.reports.TestCaseReportNode" name="TC04 - FAILED with error message" time="0.03">
<failure type="" message="my message"/>
</testcase>
<testcase classname="step.artefacts.reports.TestCaseReportNode" name="TC05 - TECH_ERROR" time="0.03">
<error type=""></error>
</testcase>
<testcase classname="step.artefacts.reports.TestCaseReportNode" name="TC06 - TECH_ERROR with message" time="0.03">
<error type="">My error message</error>
</testcase>
<system-out></system-out>
<system-err></system-err>
</testsuite>